Using pre-set license
Built from '6000.0/respin/6000.0.58f2-44b8bf3a32' branch; Version is '6000.0.58f2 (92dee566b325) revision 9625317'; Using compiler version '193933523'; Build Type 'Release'
OS: 'Windows 11  (10.0.26200) 64bit Professional' Language: 'en' Physical Memory: 7876 MB
BatchMode: 1, IsHumanControllingUs: 0, StartBugReporterOnCrash: 0, Is64bit: 1
Date: 2025-11-17T14:16:11Z

COMMAND LINE ARGUMENTS:
C:\Program Files\Unity\Hub\Editor\6000.0.58f2-x86_64\Editor\Unity.exe
-adb2
-batchMode
-noUpm
-name
AssetImportWorker0
-projectPath
C:/Users/JordanDrakes/OneDrive - The Academy Charter School/Top-Down-Adventure/Top-Down-Adventure/Totality-(TDA)
-logFile
Logs/AssetImportWorker0.log
-srvPort
64365
-job-worker-count
5
-background-job-worker-count
8
-gc-helper-count
1
-name
AssetImport
Successfully changed project path to: C:/Users/JordanDrakes/OneDrive - The Academy Charter School/Top-Down-Adventure/Top-Down-Adventure/Totality-(TDA)
C:/Users/JordanDrakes/OneDrive - The Academy Charter School/Top-Down-Adventure/Top-Down-Adventure/Totality-(TDA)
[UnityMemory] Configuration Parameters - Can be set up in boot.config
    "memorysetup-bucket-allocator-granularity=16"
    "memorysetup-bucket-allocator-bucket-count=8"
    "memorysetup-bucket-allocator-block-size=33554432"
    "memorysetup-bucket-allocator-block-count=8"
    "memorysetup-main-allocator-block-size=16777216"
    "memorysetup-thread-allocator-block-size=16777216"
    "memorysetup-gfx-main-allocator-block-size=16777216"
    "memorysetup-gfx-thread-allocator-block-size=16777216"
    "memorysetup-cache-allocator-block-size=4194304"
    "memorysetup-typetree-allocator-block-size=2097152"
    "memorysetup-profiler-bucket-allocator-granularity=16"
    "memorysetup-profiler-bucket-allocator-bucket-count=8"
    "memorysetup-profiler-bucket-allocator-block-size=33554432"
    "memorysetup-profiler-bucket-allocator-block-count=8"
    "memorysetup-profiler-allocator-block-size=16777216"
    "memorysetup-profiler-editor-allocator-block-size=1048576"
    "memorysetup-temp-allocator-size-main=16777216"
    "memorysetup-job-temp-allocator-block-size=2097152"
    "memorysetup-job-temp-allocator-block-size-background=1048576"
    "memorysetup-job-temp-allocator-reduction-small-platforms=262144"
    "memorysetup-allocator-temp-initial-block-size-main=262144"
    "memorysetup-allocator-temp-initial-block-size-worker=262144"
    "memorysetup-temp-allocator-size-background-worker=32768"
    "memorysetup-temp-allocator-size-job-worker=262144"
    "memorysetup-temp-allocator-size-preload-manager=33554432"
    "memorysetup-temp-allocator-size-nav-mesh-worker=65536"
    "memorysetup-temp-allocator-size-audio-worker=65536"
    "memorysetup-temp-allocator-size-cloud-worker=32768"
    "memorysetup-temp-allocator-size-gi-baking-worker=262144"
    "memorysetup-temp-allocator-size-gi-baking-worker=262144"
    "memorysetup-temp-allocator-size-gi-baking-worker=262144"
    "memorysetup-temp-allocator-size-gi-baking-worker=262144"
    "memorysetup-temp-allocator-size-gi-baking-worker=262144"
    "memorysetup-temp-allocator-size-gfx=262144"
Player connection [15164]  Target information:

Player connection [15164]  * "[IP] 10.220.24.115 [Port] 0 [Flags] 2 [Guid] 2928934766 [EditorId] 2928934766 [Version] 1048832 [Id] WindowsEditor(7,UAC-LS-CRC69Y3) [Debug] 1 [PackageName] WindowsEditor [ProjectName] Editor" 

Player connection [15164] Host joined multi-casting on [225.0.0.222:54997]...
Player connection [15164] Host joined alternative multi-casting on [225.0.0.222:34997]...
JobSystem: Creating JobQueue using job-worker-count value 5
Input System module state changed to: Initialized.
[Physics::Module] Initialized fallback backend.
[Physics::Module] Id: 0xdecafbad
Library Redirect Path: Library/
[Physics::Module] Selected backend.
[Physics::Module] Name: PhysX
[Physics::Module] Id: 0xf2b8ea05
[Physics::Module] SDK Version: 4.1.2
[Physics::Module] Integration Version: 1.0.0
[Physics::Module] Threading Mode: Multi-Threaded
Refreshing native plugins compatible for Editor in 22.17 ms, found 4 plugins.
Preloading 0 native plugins for Editor in 0.00 ms.
Initialize engine version: 6000.0.58f2 (92dee566b325)
[Subsystems] Discovering subsystems at path C:/Program Files/Unity/Hub/Editor/6000.0.58f2-x86_64/Editor/Data/Resources/UnitySubsystems
[Subsystems] Discovering subsystems at path C:/Users/JordanDrakes/OneDrive - The Academy Charter School/Top-Down-Adventure/Top-Down-Adventure/Totality-(TDA)/Assets
GfxDevice: creating device client; kGfxThreadingModeNonThreaded
Direct3D:
    Version:  Direct3D 11.0 [level 11.1]
    Renderer: Intel(R) UHD Graphics (ID=0xa721)
    Vendor:   Intel
    VRAM:     3938 MB
    Driver:   32.0.101.6881
Initialize mono
Mono path[0] = 'C:/Program Files/Unity/Hub/Editor/6000.0.58f2-x86_64/Editor/Data/Managed'
Mono path[1] = 'C:/Program Files/Unity/Hub/Editor/6000.0.58f2-x86_64/Editor/Data/MonoBleedingEdge/lib/mono/unityjit-win32'
Mono config path = 'C:/Program Files/Unity/Hub/Editor/6000.0.58f2-x86_64/Editor/Data/MonoBleedingEdge/etc'
Using monoOptions --debugger-agent=transport=dt_socket,embedding=1,server=y,suspend=n,address=127.0.0.1:56988
Begin MonoManager ReloadAssembly
Registering precompiled unity dll's ...
Register platform support module: C:/Program Files/Unity/Hub/Editor/6000.0.58f2-x86_64/Editor/Data/PlaybackEngines/WindowsStandaloneSupport/UnityEditor.WindowsStandalone.Extensions.dll
Register platform support module: C:/Program Files/Unity/Hub/Editor/6000.0.58f2-x86_64/Editor/Data/PlaybackEngines/iOSSupport/UnityEditor.iOS.Extensions.dll
Registered in 0.006250 seconds.
- Loaded All Assemblies, in  0.808 seconds
[usbmuxd] Start listen thread
[usbmuxd] Listen thread started
Native extension for iOS target not found
Native extension for WindowsStandalone target not found
Mono: successfully reloaded assembly
- Finished resetting the current domain, in  0.790 seconds
Domain Reload Profiling: 1593ms
	BeginReloadAssembly (330ms)
		ExecutionOrderSort (0ms)
		DisableScriptedObjects (0ms)
		BackupInstance (0ms)
		ReleaseScriptingObjects (0ms)
		CreateAndSetChildDomain (1ms)
	RebuildCommonClasses (78ms)
	RebuildNativeTypeToScriptingClass (20ms)
	initialDomainReloadingComplete (105ms)
	LoadAllAssembliesAndSetupDomain (269ms)
		LoadAssemblies (326ms)
		RebuildTransferFunctionScriptingTraits (0ms)
		AnalyzeDomain (264ms)
			TypeCache.Refresh (260ms)
				TypeCache.ScanAssembly (233ms)
			BuildScriptInfoCaches (0ms)
			ResolveRequiredComponents (2ms)
	FinalizeReload (791ms)
		ReleaseScriptCaches (0ms)
		RebuildScriptCaches (0ms)
		SetupLoadedEditorAssemblies (726ms)
			LogAssemblyErrors (0ms)
			InitializePlatformSupportModulesInManaged (85ms)
			SetLoadedEditorAssemblies (8ms)
			BeforeProcessingInitializeOnLoad (153ms)
			ProcessInitializeOnLoadAttributes (345ms)
			ProcessInitializeOnLoadMethodAttributes (134ms)
			AfterProcessingInitializeOnLoad (0ms)
			EditorAssembliesLoaded (0ms)
		ExecutionOrderSort2 (0ms)
		AwakeInstancesAfterBackupRestoration (0ms)
========================================================================
Worker process is ready to serve import requests
Import Worker Mode flag is 0x00
Begin MonoManager ReloadAssembly
DirectoryNotFoundException: Could not find a part of the path "C:\Users\JordanDrakes\OneDrive - The Academy Charter School\Top-Down-Adventure\Top-Down-Adventure\Totality-(TDA)\Library\PackageCache\com.unity.visualscripting@6279e2b7c485\Editor\VisualScripting.Core\Dependencies\YamlDotNet\Unity.VisualScripting.YamlDotNet.dll"
  at System.IO.FileStream..ctor (System.String path, System.IO.FileMode mode, System.IO.FileAccess access, System.IO.FileShare share, System.Int32 bufferSize, System.Boolean anonymous, System.IO.FileOptions options) [0x0019e] in <152439c387994a8da523328132967f8d>:0 
  at System.IO.FileStream..ctor (System.String path, System.IO.FileMode mode, System.IO.FileAccess access, System.IO.FileShare share) [0x00000] in <152439c387994a8da523328132967f8d>:0 
  at (wrapper remoting-invoke-with-check) System.IO.FileStream..ctor(string,System.IO.FileMode,System.IO.FileAccess,System.IO.FileShare)
  at Mono.Cecil.ModuleDefinition.GetFileStream (System.String fileName, System.IO.FileMode mode, System.IO.FileAccess access, System.IO.FileShare share) [0x00006] in <a6860a9f6366437387ebdc1f225b7fd4>:0 
  at Mono.Cecil.ModuleDefinition.ReadModule (System.String fileName, Mono.Cecil.ReaderParameters parameters) [0x00008] in <a6860a9f6366437387ebdc1f225b7fd4>:0 
  at Mono.Cecil.AssemblyDefinition.ReadAssembly (System.String fileName, Mono.Cecil.ReaderParameters parameters) [0x00000] in <a6860a9f6366437387ebdc1f225b7fd4>:0 
  at UnityEditor.AssemblyValidation.LoadAssemblyDefinitions (System.String[] assemblyPaths, System.String[] searchPaths) [0x00048] in <5818bc53b12b4560b54110897827736e>:0 
  at UnityEditor.AssemblyValidation.ValidateAssemblies (System.String[] assemblyPaths, System.Boolean enableLogging) [0x00007] in <5818bc53b12b4560b54110897827736e>:0 

- Loaded All Assemblies, in  1.323 seconds
Refreshing native plugins compatible for Editor in 2.60 ms, found 4 plugins.
Native extension for iOS target not found
Native extension for WindowsStandalone target not found
Package Manager log level set to [2]
[Package Manager] Failed to launch server process. Reason: Unity was launched with the -noUpm command-line argument
[Package Manager] Unable to send message (not connected to server process).
[Package Manager] Cannot connect to Unity Package Manager local server
Mono: successfully reloaded assembly
- Finished resetting the current domain, in  1.346 seconds
Domain Reload Profiling: 2663ms
	BeginReloadAssembly (261ms)
		ExecutionOrderSort (0ms)
		DisableScriptedObjects (11ms)
		BackupInstance (0ms)
		ReleaseScriptingObjects (0ms)
		CreateAndSetChildDomain (43ms)
	RebuildCommonClasses (50ms)
	RebuildNativeTypeToScriptingClass (12ms)
	initialDomainReloadingComplete (52ms)
	LoadAllAssembliesAndSetupDomain (941ms)
		LoadAssemblies (679ms)
		RebuildTransferFunctionScriptingTraits (0ms)
		AnalyzeDomain (413ms)
			TypeCache.Refresh (293ms)
				TypeCache.ScanAssembly (274ms)
			BuildScriptInfoCaches (100ms)
			ResolveRequiredComponents (14ms)
	FinalizeReload (1347ms)
		ReleaseScriptCaches (0ms)
		RebuildScriptCaches (0ms)
		SetupLoadedEditorAssemblies (1094ms)
			LogAssemblyErrors (0ms)
			InitializePlatformSupportModulesInManaged (12ms)
			SetLoadedEditorAssemblies (9ms)
			BeforeProcessingInitializeOnLoad (238ms)
			ProcessInitializeOnLoadAttributes (601ms)
			ProcessInitializeOnLoadMethodAttributes (230ms)
			AfterProcessingInitializeOnLoad (4ms)
			EditorAssembliesLoaded (1ms)
		ExecutionOrderSort2 (0ms)
		AwakeInstancesAfterBackupRestoration (14ms)
Launched and connected shader compiler UnityShaderCompiler.exe after 0.03 seconds
Refreshing native plugins compatible for Editor in 2.49 ms, found 4 plugins.
Preloading 0 native plugins for Editor in 0.00 ms.
Unloading 35 Unused Serialized files (Serialized files now loaded: 0)
Unloading 6717 unused Assets / (5.5 MB). Loaded Objects now: 7381.
Memory consumption went from 148.9 MB to 143.4 MB.
Total: 20.691200 ms (FindLiveObjects: 2.514900 ms CreateObjectMapping: 0.594400 ms MarkObjects: 12.554600 ms  DeleteObjects: 5.024600 ms)

========================================================================
Received Import Request.
  Time since last request: 22373.759809 seconds.
  path: Assets/Art/Walk.png
  artifactKey: Guid(191393e2a6b95d144ad07b3b176907a0) Importer(815301076,1909f56bfc062723c751e8b465ee728b)
Start importing Assets/Art/Walk.png using Guid(191393e2a6b95d144ad07b3b176907a0) Importer(815301076,1909f56bfc062723c751e8b465ee728b) (PreviewImporter) -> (artifact id: '36e4bc168129790e9309d95e9e25d0be') in 0.2750516 seconds
Number of updated asset objects reloaded before import = 0Number of asset objects unloaded after import = 12

========================================================================
Received Import Request.
  Time since last request: 88.974711 seconds.
  path: Assets/Art/Walk.png
  artifactKey: Guid(191393e2a6b95d144ad07b3b176907a0) Importer(815301076,1909f56bfc062723c751e8b465ee728b)
Start importing Assets/Art/Walk.png using Guid(191393e2a6b95d144ad07b3b176907a0) Importer(815301076,1909f56bfc062723c751e8b465ee728b) (PreviewImporter) -> (artifact id: '5f6f118e8d650b71a417ee2eba112ed5') in 0.1076535 seconds
Number of updated asset objects reloaded before import = 0Number of asset objects unloaded after import = 12

========================================================================
Received Import Request.
  Time since last request: 58.839872 seconds.
  path: Assets/Art/Walk.png
  artifactKey: Guid(191393e2a6b95d144ad07b3b176907a0) Importer(815301076,1909f56bfc062723c751e8b465ee728b)
Start importing Assets/Art/Walk.png using Guid(191393e2a6b95d144ad07b3b176907a0) Importer(815301076,1909f56bfc062723c751e8b465ee728b) (PreviewImporter) -> (artifact id: '8e37ed64d80617aa4bed6810492f104e') in 0.124005 seconds
Number of updated asset objects reloaded before import = 0Number of asset objects unloaded after import = 18

========================================================================
Received Import Request.
  Time since last request: 533.500158 seconds.
  path: Assets/Art/New Animation.anim
  artifactKey: Guid(6a70acb744e1f8141af4e250f3b84874) Importer(815301076,1909f56bfc062723c751e8b465ee728b)
Start importing Assets/Art/New Animation.anim using Guid(6a70acb744e1f8141af4e250f3b84874) Importer(815301076,1909f56bfc062723c751e8b465ee728b) (PreviewImporter) -> (artifact id: '96aa002348ee5cccabe025e57c6a3d54') in 0.007714 seconds
Number of updated asset objects reloaded before import = 0Number of asset objects unloaded after import = 1

========================================================================
Received Import Request.
  Time since last request: 168410.646573 seconds.
  path: Assets/Art/Ryujin.controller
  artifactKey: Guid(0c660a0cf7bcde94eb1c80d09ba6be78) Importer(815301076,1909f56bfc062723c751e8b465ee728b)
Start importing Assets/Art/Ryujin.controller using Guid(0c660a0cf7bcde94eb1c80d09ba6be78) Importer(815301076,1909f56bfc062723c751e8b465ee728b) (PreviewImporter) -> (artifact id: '65dfcba16564498c1fd45600d09451f9') in 0.3695428 seconds
Number of updated asset objects reloaded before import = 0Number of asset objects unloaded after import = 4

========================================================================
Received Import Request.
  Time since last request: 1218.394957 seconds.
  path: Assets/Art/WalkUp.anim
  artifactKey: Guid(179588f29cc224a43bbf7f28b77b86d6) Importer(815301076,1909f56bfc062723c751e8b465ee728b)
Start importing Assets/Art/WalkUp.anim using Guid(179588f29cc224a43bbf7f28b77b86d6) Importer(815301076,1909f56bfc062723c751e8b465ee728b) (PreviewImporter) -> (artifact id: 'fe4da679aa69a61983ca0386819819a2') in 0.0737265 seconds
Number of updated asset objects reloaded before import = 0Number of asset objects unloaded after import = 1

========================================================================
Received Import Request.
  Time since last request: 122.661245 seconds.
  path: Assets/Art/Ryujin.controller
  artifactKey: Guid(0c660a0cf7bcde94eb1c80d09ba6be78) Importer(815301076,1909f56bfc062723c751e8b465ee728b)
Start importing Assets/Art/Ryujin.controller using Guid(0c660a0cf7bcde94eb1c80d09ba6be78) Importer(815301076,1909f56bfc062723c751e8b465ee728b) (PreviewImporter) -> (artifact id: 'c735ef3201cb4eb62e271de7a3892f31') in 0.0630715 seconds
Number of updated asset objects reloaded before import = 0Number of asset objects unloaded after import = 14

========================================================================
Received Import Request.
  Time since last request: 5.643829 seconds.
  path: Assets/Art/idle.Left.anim
  artifactKey: Guid(f67b24b260e8ee1429a1a5261a421f3a) Importer(815301076,1909f56bfc062723c751e8b465ee728b)
Start importing Assets/Art/idle.Left.anim using Guid(f67b24b260e8ee1429a1a5261a421f3a) Importer(815301076,1909f56bfc062723c751e8b465ee728b) (PreviewImporter) -> (artifact id: '6eaf9ba6bda0dc0ac9526ec460433bab') in 0.0134561 seconds
Number of updated asset objects reloaded before import = 0Number of asset objects unloaded after import = 1

========================================================================
Received Import Request.
  Time since last request: 112.415464 seconds.
  path: Assets/Art/Walk.Down.anim
  artifactKey: Guid(1f8ba8cf6a20d3d459fd204c7f956fd4) Importer(815301076,1909f56bfc062723c751e8b465ee728b)
Start importing Assets/Art/Walk.Down.anim using Guid(1f8ba8cf6a20d3d459fd204c7f956fd4) Importer(815301076,1909f56bfc062723c751e8b465ee728b) (PreviewImporter) -> (artifact id: 'b005e76d68fcc977ba0797d9c9b789a4') in 0.011499 seconds
Number of updated asset objects reloaded before import = 0Number of asset objects unloaded after import = 1

========================================================================
Received Import Request.
  Time since last request: 228.827965 seconds.
  path: Assets/Art/Ryujin.controller
  artifactKey: Guid(0c660a0cf7bcde94eb1c80d09ba6be78) Importer(815301076,1909f56bfc062723c751e8b465ee728b)
Start importing Assets/Art/Ryujin.controller using Guid(0c660a0cf7bcde94eb1c80d09ba6be78) Importer(815301076,1909f56bfc062723c751e8b465ee728b) (PreviewImporter) -> (artifact id: '33d53a418c4bdb3b427766ec64c5432d') in 0.0122216 seconds
Number of updated asset objects reloaded before import = 0Number of asset objects unloaded after import = 14

========================================================================
Received Import Request.
  Time since last request: 987.533864 seconds.
  path: Assets/Scripts/Player-Movement.cs
  artifactKey: Guid(a0fac946d9da6e348bf12acc5bbe129b) Importer(815301076,1909f56bfc062723c751e8b465ee728b)
Start importing Assets/Scripts/Player-Movement.cs using Guid(a0fac946d9da6e348bf12acc5bbe129b) Importer(815301076,1909f56bfc062723c751e8b465ee728b) (PreviewImporter) -> (artifact id: '1e83d66da37e435f297efd7ed20dd9f3') in 0.0319525 seconds
Number of updated asset objects reloaded before import = 0Number of asset objects unloaded after import = 0

========================================================================
Received Prepare
Refreshing native plugins compatible for Editor in 19.20 ms, found 4 plugins.
Preloading 0 native plugins for Editor in 0.00 ms.
Unloading 34 Unused Serialized files (Serialized files now loaded: 0)
Unloading 6704 unused Assets / (6.7 MB). Loaded Objects now: 7394.
Memory consumption went from 151.9 MB to 145.2 MB.
Total: 520.500000 ms (FindLiveObjects: 11.512100 ms CreateObjectMapping: 2.785200 ms MarkObjects: 485.264000 ms  DeleteObjects: 20.234700 ms)

Prepare: number of updated asset objects reloaded= 0
========================================================================
Received Prepare
Refreshing native plugins compatible for Editor in 2.34 ms, found 4 plugins.
Preloading 0 native plugins for Editor in 0.00 ms.
Unloading 34 Unused Serialized files (Serialized files now loaded: 0)
Unloading 6704 unused Assets / (7.4 MB). Loaded Objects now: 7394.
Memory consumption went from 151.9 MB to 144.5 MB.
Total: 23.040400 ms (FindLiveObjects: 1.160500 ms CreateObjectMapping: 0.837600 ms MarkObjects: 12.403000 ms  DeleteObjects: 8.636100 ms)

Prepare: number of updated asset objects reloaded= 0
========================================================================
Received Import Request.
  Time since last request: 891.771843 seconds.
  path: Assets/Scripts/Player-Movement.cs
  artifactKey: Guid(a0fac946d9da6e348bf12acc5bbe129b) Importer(815301076,1909f56bfc062723c751e8b465ee728b)
Start importing Assets/Scripts/Player-Movement.cs using Guid(a0fac946d9da6e348bf12acc5bbe129b) Importer(815301076,1909f56bfc062723c751e8b465ee728b) (PreviewImporter) -> (artifact id: '0e0de9bebddead67dad2656a94650400') in 0.0135949 seconds
Number of updated asset objects reloaded before import = 0Number of asset objects unloaded after import = 0

